src/__tests__/api/appointments.test.ts(3,32): error TS2307: Cannot find module '@/app/api/appointments/route' or its corresponding type declarations.
src/__tests__/api/appointments.test.ts(44,52): error TS2345: Argument of type '{ id: string; patient_id: string; doctor_id: string; appointment_date: string; appointment_time: string; type: string; status: string; patients: { users: { name: string; phone: string; }; }; doctors: { ...; }; }[]' is not assignable to parameter of type 'never[] | Promise<never[]>'.
  Type '{ id: string; patient_id: string; doctor_id: string; appointment_date: string; appointment_time: string; type: string; status: string; patients: { users: { name: string; phone: string; }; }; doctors: { ...; }; }[]' is not assignable to type 'never[]'.
    Type '{ id: string; patient_id: string; doctor_id: string; appointment_date: string; appointment_time: string; type: string; status: string; patients: { users: { name: string; phone: string; }; }; doctors: { ...; }; }' is not assignable to type 'never'.
src/__tests__/api/appointments.test.ts(76,52): error TS2345: Argument of type '{ id: string; patient_id: string; doctor_id: string; appointment_date: string; appointment_time: string; type: string; status: string; }[]' is not assignable to parameter of type 'never[] | Promise<never[]>'.
  Type '{ id: string; patient_id: string; doctor_id: string; appointment_date: string; appointment_time: string; type: string; status: string; }[]' is not assignable to type 'never[]'.
    Type '{ id: string; patient_id: string; doctor_id: string; appointment_date: string; appointment_time: string; type: string; status: string; }' is not assignable to type 'never'.
src/__tests__/api/appointments.test.ts(105,52): error TS2345: Argument of type '{ id: string; patient_id: string; doctor_id: string; appointment_date: string; appointment_time: string; type: string; status: string; }[]' is not assignable to parameter of type 'never[] | Promise<never[]>'.
  Type '{ id: string; patient_id: string; doctor_id: string; appointment_date: string; appointment_time: string; type: string; status: string; }[]' is not assignable to type 'never[]'.
    Type '{ id: string; patient_id: string; doctor_id: string; appointment_date: string; appointment_time: string; type: string; status: string; }' is not assignable to type 'never'.
src/__tests__/api/appointments.test.ts(169,54): error TS2345: Argument of type '{ id: string; patient_id: string; doctor_id: string; appointment_date: string; appointment_time: string; type: string; status: string; }' is not assignable to parameter of type 'Promise<never>'.
  Type '{ id: string; patient_id: string; doctor_id: string; appointment_date: string; appointment_time: string; type: string; status: string; }' is missing the following properties from type 'Promise<never>': then, catch, finally, [Symbol.toStringTag]
src/__tests__/api/appointments.test.ts(170,47): error TS2345: Argument of type '{ id: string; users: { name: string; phone: string; }; }' is not assignable to parameter of type 'Promise<never>'.
  Type '{ id: string; users: { name: string; phone: string; }; }' is missing the following properties from type 'Promise<never>': then, catch, finally, [Symbol.toStringTag]
src/__tests__/api/appointments.test.ts(258,54): error TS2345: Argument of type '{ id: string; patient_id: string; doctor_id: string; }' is not assignable to parameter of type 'Promise<never>'.
  Type '{ id: string; patient_id: string; doctor_id: string; }' is missing the following properties from type 'Promise<never>': then, catch, finally, [Symbol.toStringTag]
src/__tests__/api/appointments.test.ts(259,47): error TS2345: Argument of type '{ id: string; users: { name: string; phone: string; }; }' is not assignable to parameter of type 'Promise<never>'.
  Type '{ id: string; users: { name: string; phone: string; }; }' is missing the following properties from type 'Promise<never>': then, catch, finally, [Symbol.toStringTag]
src/__tests__/api/appointments.test.ts(331,54): error TS2345: Argument of type '{ id: string; appointment_date: string; appointment_time: string; status: string; }' is not assignable to parameter of type 'Promise<never>'.
  Type '{ id: string; appointment_date: string; appointment_time: string; status: string; }' is missing the following properties from type 'Promise<never>': then, catch, finally, [Symbol.toStringTag]
src/__tests__/api/patients.test.ts(3,27): error TS2307: Cannot find module '@/app/api/patients/route' or its corresponding type declarations.
src/__tests__/api/patients.test.ts(59,48): error TS2345: Argument of type '{ id: string; name: string; age: number; phone: string; email: string; role: string; }[]' is not assignable to parameter of type 'never[] | Promise<never[]>'.
  Type '{ id: string; name: string; age: number; phone: string; email: string; role: string; }[]' is not assignable to type 'never[]'.
    Type '{ id: string; name: string; age: number; phone: string; email: string; role: string; }' is not assignable to type 'never'.
src/__tests__/api/patients.test.ts(60,47): error TS2345: Argument of type '{ id: string; name: string; age: number; phone: string; email: string; status: string; } | undefined' is not assignable to parameter of type 'Promise<never>'.
  Type 'undefined' is not assignable to type 'Promise<never>'.
src/__tests__/api/patients.test.ts(61,52): error TS2345: Argument of type '{ id: string; appointment_date: string; appointment_time: string; }[]' is not assignable to parameter of type 'never[] | Promise<never[]>'.
  Type '{ id: string; appointment_date: string; appointment_time: string; }[]' is not assignable to type 'never[]'.
    Type '{ id: string; appointment_date: string; appointment_time: string; }' is not assignable to type 'never'.
src/__tests__/api/patients.test.ts(92,48): error TS2345: Argument of type '{ id: string; name: string; age: number; phone: string; email: string; role: string; }[]' is not assignable to parameter of type 'never[] | Promise<never[]>'.
  Type '{ id: string; name: string; age: number; phone: string; email: string; role: string; }[]' is not assignable to type 'never[]'.
    Type '{ id: string; name: string; age: number; phone: string; email: string; role: string; }' is not assignable to type 'never'.
src/__tests__/api/patients.test.ts(94,9): error TS2353: Object literal may only specify known properties, and 'id' does not exist in type 'Promise<never>'.
src/__tests__/api/patients.test.ts(161,47): error TS2345: Argument of type '{ id: string; name: string; phone: string; }' is not assignable to parameter of type 'Promise<never>'.
  Type '{ id: string; name: string; phone: string; }' is missing the following properties from type 'Promise<never>': then, catch, finally, [Symbol.toStringTag]
src/__tests__/api/patients.test.ts(162,50): error TS2345: Argument of type '{ id: string; status: string; }' is not assignable to parameter of type 'Promise<never>'.
  Type '{ id: string; status: string; }' is missing the following properties from type 'Promise<never>': then, catch, finally, [Symbol.toStringTag]
src/__tests__/api/patients.test.ts(241,47): error TS2345: Argument of type '{ id: string; name: string; phone: string; }' is not assignable to parameter of type 'Promise<never>'.
  Type '{ id: string; name: string; phone: string; }' is missing the following properties from type 'Promise<never>': then, catch, finally, [Symbol.toStringTag]
src/__tests__/api/patients.test.ts(242,50): error TS2345: Argument of type '{ id: string; status: string; }' is not assignable to parameter of type 'Promise<never>'.
  Type '{ id: string; status: string; }' is missing the following properties from type 'Promise<never>': then, catch, finally, [Symbol.toStringTag]
src/__tests__/saudi-health-integration.test.ts(31,26): error TS2339: Property 'valid' does not exist on type 'Promise<{ valid: boolean; errors: string[]; }>'.
src/__tests__/saudi-health-integration.test.ts(32,28): error TS2339: Property 'valid' does not exist on type 'Promise<{ valid: boolean; errors: string[]; }>'.
src/__tests__/saudi-health-integration.test.ts(59,26): error TS2339: Property 'valid' does not exist on type 'Promise<{ valid: boolean; errors: string[]; }>'.
src/__tests__/saudi-health-integration.test.ts(60,28): error TS2339: Property 'valid' does not exist on type 'Promise<{ valid: boolean; errors: string[]; }>'.
src/__tests__/saudi-health-integration.test.ts(87,26): error TS2339: Property 'valid' does not exist on type 'Promise<{ valid: boolean; errors: string[]; }>'.
src/__tests__/saudi-health-integration.test.ts(88,28): error TS2339: Property 'valid' does not exist on type 'Promise<{ valid: boolean; errors: string[]; }>'.
src/__tests__/setup.ts(137,1): error TS2322: Type 'Mock<{ observe: Mock<any, any, any>; unobserve: Mock<any, any, any>; disconnect: Mock<any, any, any>; }, [], any>' is not assignable to type '{ new (callback: IntersectionObserverCallback, options?: IntersectionObserverInit | undefined): IntersectionObserver; prototype: IntersectionObserver; }'.
  Type '{ observe: Mock<any, any, any>; unobserve: Mock<any, any, any>; disconnect: Mock<any, any, any>; }' is missing the following properties from type 'IntersectionObserver': root, rootMargin, thresholds, takeRecords
src/__tests__/whatsapp-business-api.test.ts(205,14): error TS2532: Object is possibly 'undefined'.
src/__tests__/whatsapp-business-api.test.ts(283,54): error TS2345: Argument of type '{ object: string; entry: { id: string; changes: { value: { messaging_product: string; metadata: { display_phone_number: string; phone_number_id: string; }; contacts: { profile: { name: string; }; wa_id: string; }[]; messages: { ...; }[]; statuses: { ...; }[]; }; field: string; }[]; }[]; }' is not assignable to parameter of type 'WhatsAppWebhookEvent'.
  Types of property 'entry' are incompatible.
    Type '{ id: string; changes: { value: { messaging_product: string; metadata: { display_phone_number: string; phone_number_id: string; }; contacts: { profile: { name: string; }; wa_id: string; }[]; messages: { from: string; id: string; timestamp: string; type: string; text: { ...; }; }[]; statuses: { ...; }[]; }; field: st...' is not assignable to type '{ id: string; changes: { value: { messaging_product: string; metadata: { display_phone_number: string; phone_number_id: string; }; contacts?: { profile: { name: string; }; wa_id: string; }[]; messages?: { from: string; ... 6 more ...; document?: { ...; }; }[]; statuses?: { ...; }[]; }; field: string; }[]; }[]'.
      Type '{ id: string; changes: { value: { messaging_product: string; metadata: { display_phone_number: string; phone_number_id: string; }; contacts: { profile: { name: string; }; wa_id: string; }[]; messages: { from: string; id: string; timestamp: string; type: string; text: { ...; }; }[]; statuses: { ...; }[]; }; field: st...' is not assignable to type '{ id: string; changes: { value: { messaging_product: string; metadata: { display_phone_number: string; phone_number_id: string; }; contacts?: { profile: { name: string; }; wa_id: string; }[]; messages?: { from: string; ... 6 more ...; document?: { ...; }; }[]; statuses?: { ...; }[]; }; field: string; }[]; }'.
        Types of property 'changes' are incompatible.
          Type '{ value: { messaging_product: string; metadata: { display_phone_number: string; phone_number_id: string; }; contacts: { profile: { name: string; }; wa_id: string; }[]; messages: { from: string; id: string; timestamp: string; type: string; text: { ...; }; }[]; statuses: { ...; }[]; }; field: string; }[]' is not assignable to type '{ value: { messaging_product: string; metadata: { display_phone_number: string; phone_number_id: string; }; contacts?: { profile: { name: string; }; wa_id: string; }[]; messages?: { from: string; id: string; ... 5 more ...; document?: { ...; }; }[]; statuses?: { ...; }[]; }; field: string; }[]'.
            Type '{ value: { messaging_product: string; metadata: { display_phone_number: string; phone_number_id: string; }; contacts: { profile: { name: string; }; wa_id: string; }[]; messages: { from: string; id: string; timestamp: string; type: string; text: { ...; }; }[]; statuses: { ...; }[]; }; field: string; }' is not assignable to type '{ value: { messaging_product: string; metadata: { display_phone_number: string; phone_number_id: string; }; contacts?: { profile: { name: string; }; wa_id: string; }[]; messages?: { from: string; id: string; ... 5 more ...; document?: { ...; }; }[]; statuses?: { ...; }[]; }; field: string; }'.
              The types of 'value.statuses' are incompatible between these types.
                Type '{ id: string; status: string; timestamp: string; recipient_id: string; }[]' is not assignable to type '{ id: string; status: "sent" | "delivered" | "read" | "failed"; timestamp: string; recipient_id: string; }[]'.
                  Type '{ id: string; status: string; timestamp: string; recipient_id: string; }' is not assignable to type '{ id: string; status: "sent" | "delivered" | "read" | "failed"; timestamp: string; recipient_id: string; }'.
                    Types of property 'status' are incompatible.
                      Type 'string' is not assignable to type '"sent" | "delivered" | "read" | "failed"'.
src/__tests__/whatsapp-business-api.test.ts(286,14): error TS2532: Object is possibly 'undefined'.
src/__tests__/whatsapp-business-api.test.ts(287,14): error TS2532: Object is possibly 'undefined'.
src/__tests__/whatsapp-business-api.test.ts(288,14): error TS2532: Object is possibly 'undefined'.
src/__tests__/whatsapp-business-api.test.ts(291,14): error TS2532: Object is possibly 'undefined'.
src/__tests__/whatsapp-business-api.test.ts(292,14): error TS2532: Object is possibly 'undefined'.
src/lib/saudi-ministry-health-integration.ts(60,11): error TS6133: 'sehaApiEndpoint' is declared but its value is never read.
src/lib/saudi-ministry-health-integration.ts(61,11): error TS6133: 'shoonApiEndpoint' is declared but its value is never read.
src/lib/saudi-ministry-health-integration.ts(62,11): error TS6133: 'tatmanApiEndpoint' is declared but its value is never read.
src/lib/saudi-ministry-health-integration.ts(251,5): error TS6133: 'patientId' is declared but its value is never read.
src/lib/security-enhanced.ts(23,14): error TS2323: Cannot redeclare exported variable 'EnhancedRateLimiter'.
src/lib/security-enhanced.ts(63,14): error TS2323: Cannot redeclare exported variable 'EnhancedCSRFProtection'.
src/lib/security-enhanced.ts(102,14): error TS2323: Cannot redeclare exported variable 'EnhancedSessionSecurity'.
src/lib/security-enhanced.ts(120,14): error TS2323: Cannot redeclare exported variable 'InputSanitizer'.
src/lib/security-enhanced.ts(143,14): error TS2323: Cannot redeclare exported variable 'AuditLogger'.
src/lib/security-enhanced.ts(154,29): error TS2379: Argument of type '{ user_id: string | undefined; action: string; table_name: any; record_id: any; old_values: any; new_values: any; ip_address: string; user_agent: string; }' is not assignable to parameter of type '{ user_id?: string; action: string; table_name?: string; record_id?: string; old_values?: any; new_values?: any; ip_address?: string; user_agent?: string; }' with 'exactOptionalPropertyTypes: true'. Consider adding 'undefined' to the types of the target's properties.
  Types of property 'user_id' are incompatible.
    Type 'string | undefined' is not assignable to type 'string'.
      Type 'undefined' is not assignable to type 'string'.
src/lib/security-enhanced.ts(171,14): error TS2323: Cannot redeclare exported variable 'EnhancedAuthMiddleware'.
src/lib/security-enhanced.ts(204,26): error TS2339: Property 'is_active' does not exist on type 'never'.
src/lib/security-enhanced.ts(353,16): error TS18046: 'error' is of type 'unknown'.
src/lib/security-enhanced.ts(354,16): error TS18046: 'error' is of type 'unknown'.
src/lib/security-enhanced.ts(366,14): error TS2323: Cannot redeclare exported variable 'DataValidator'.
src/lib/security-enhanced.ts(399,3): error TS2323: Cannot redeclare exported variable 'EnhancedRateLimiter'.
src/lib/security-enhanced.ts(399,3): error TS2484: Export declaration conflicts with exported declaration of 'EnhancedRateLimiter'.
src/lib/security-enhanced.ts(400,3): error TS2323: Cannot redeclare exported variable 'EnhancedCSRFProtection'.
src/lib/security-enhanced.ts(400,3): error TS2484: Export declaration conflicts with exported declaration of 'EnhancedCSRFProtection'.
src/lib/security-enhanced.ts(401,3): error TS2323: Cannot redeclare exported variable 'EnhancedSessionSecurity'.
src/lib/security-enhanced.ts(401,3): error TS2484: Export declaration conflicts with exported declaration of 'EnhancedSessionSecurity'.
src/lib/security-enhanced.ts(402,3): error TS2323: Cannot redeclare exported variable 'InputSanitizer'.
src/lib/security-enhanced.ts(402,3): error TS2484: Export declaration conflicts with exported declaration of 'InputSanitizer'.
src/lib/security-enhanced.ts(403,3): error TS2323: Cannot redeclare exported variable 'AuditLogger'.
src/lib/security-enhanced.ts(403,3): error TS2484: Export declaration conflicts with exported declaration of 'AuditLogger'.
src/lib/security-enhanced.ts(404,3): error TS2323: Cannot redeclare exported variable 'EnhancedAuthMiddleware'.
src/lib/security-enhanced.ts(404,3): error TS2484: Export declaration conflicts with exported declaration of 'EnhancedAuthMiddleware'.
src/lib/security-enhanced.ts(405,3): error TS2323: Cannot redeclare exported variable 'DataValidator'.
src/lib/security-enhanced.ts(405,3): error TS2484: Export declaration conflicts with exported declaration of 'DataValidator'.
src/lib/security.ts(20,27): error TS6133: 'CSRF_SECRET' is declared but its value is never read.
src/lib/security.ts(197,14): error TS7006: Parameter 'hashBuffer' implicitly has an 'any' type.
src/lib/supabase-real.ts(49,8): error TS2769: No overload matches this call.
  Overload 1 of 2, '(values: never, options?: { count?: "exact" | "planned" | "estimated"; } | undefined): PostgrestFilterBuilder<{ PostgrestVersion: "12"; }, never, never, null, "users", never, "POST">', gave the following error.
    Argument of type '{ national_id?: string; name: string; name_en?: string; age?: number; gender?: "male" | "female"; phone: string; email?: string; role: "family_member" | "patient" | "admin" | "doctor" | "therapist"; ... 9 more ...; allergies?: string[]; }[]' is not assignable to parameter of type 'never'.
  Overload 2 of 2, '(values: never[], options?: { count?: "exact" | "planned" | "estimated"; defaultToNull?: boolean; } | undefined): PostgrestFilterBuilder<{ PostgrestVersion: "12"; }, never, never, null, "users", never, "POST">', gave the following error.
    Type '{ national_id?: string; name: string; name_en?: string; age?: number; gender?: "male" | "female"; phone: string; email?: string; role: "family_member" | "patient" | "admin" | "doctor" | "therapist"; ... 9 more ...; allergies?: string[]; }' is not assignable to type 'never'.
src/lib/supabase-real.ts(82,15): error TS2345: Argument of type 'any' is not assignable to parameter of type 'never'.
src/lib/supabase-real.ts(123,8): error TS2769: No overload matches this call.
  Overload 1 of 2, '(values: never, options?: { count?: "exact" | "planned" | "estimated"; } | undefined): PostgrestFilterBuilder<{ PostgrestVersion: "12"; }, never, never, null, "doctors", never, "POST">', gave the following error.
    Argument of type '{ id: string; license_number: string; specialty: string; qualifications?: string[]; experience_years?: number; consultation_fee?: number; is_available?: boolean; working_hours?: any; }[]' is not assignable to parameter of type 'never'.
  Overload 2 of 2, '(values: never[], options?: { count?: "exact" | "planned" | "estimated"; defaultToNull?: boolean; } | undefined): PostgrestFilterBuilder<{ PostgrestVersion: "12"; }, never, never, null, "doctors", never, "POST">', gave the following error.
    Type '{ id: string; license_number: string; specialty: string; qualifications?: string[]; experience_years?: number; consultation_fee?: number; is_available?: boolean; working_hours?: any; }' is not assignable to type 'never'.
src/lib/supabase-real.ts(179,8): error TS2769: No overload matches this call.
  Overload 1 of 2, '(values: never, options?: { count?: "exact" | "planned" | "estimated"; } | undefined): PostgrestFilterBuilder<{ PostgrestVersion: "12"; }, never, never, null, "patients", never, "POST">', gave the following error.
    Argument of type '{ id: string; guardian_name?: string; guardian_relation?: string; guardian_phone?: string; medical_conditions?: string[]; treatment_goals?: string[]; assigned_doctor_id?: string; assigned_therapist_id?: string; admission_date?: string; status?: string; }[]' is not assignable to parameter of type 'never'.
  Overload 2 of 2, '(values: never[], options?: { count?: "exact" | "planned" | "estimated"; defaultToNull?: boolean; } | undefined): PostgrestFilterBuilder<{ PostgrestVersion: "12"; }, never, never, null, "patients", never, "POST">', gave the following error.
    Type '{ id: string; guardian_name?: string; guardian_relation?: string; guardian_phone?: string; medical_conditions?: string[]; treatment_goals?: string[]; assigned_doctor_id?: string; assigned_therapist_id?: string; admission_date?: string; status?: string; }' is not assignable to type 'never'.
src/lib/supabase-real.ts(236,8): error TS2769: No overload matches this call.
  Overload 1 of 2, '(values: never, options?: { count?: "exact" | "planned" | "estimated"; } | undefined): PostgrestFilterBuilder<{ PostgrestVersion: "12"; }, never, never, null, "appointments", never, "POST">', gave the following error.
    Argument of type '{ patient_id: string; doctor_id: string; appointment_date: string; appointment_time: string; duration_minutes?: number; type: "assessment" | "treatment" | "follow_up" | "consultation"; notes?: string; insurance_covered?: boolean; insurance_approval_number?: string; created_by: string; }[]' is not assignable to parameter of type 'never'.
  Overload 2 of 2, '(values: never[], options?: { count?: "exact" | "planned" | "estimated"; defaultToNull?: boolean; } | undefined): PostgrestFilterBuilder<{ PostgrestVersion: "12"; }, never, never, null, "appointments", never, "POST">', gave the following error.
    Type '{ patient_id: string; doctor_id: string; appointment_date: string; appointment_time: string; duration_minutes?: number; type: "assessment" | "treatment" | "follow_up" | "consultation"; notes?: string; insurance_covered?: boolean; insurance_approval_number?: string; created_by: string; }' is not assignable to type 'never'.
src/lib/supabase-real.ts(302,15): error TS2345: Argument of type 'any' is not assignable to parameter of type 'never'.
src/lib/supabase-real.ts(327,8): error TS2769: No overload matches this call.
  Overload 1 of 2, '(values: never, options?: { count?: "exact" | "planned" | "estimated"; } | undefined): PostgrestFilterBuilder<{ PostgrestVersion: "12"; }, never, never, null, "sessions", never, "POST">', gave the following error.
    Argument of type '{ patient_id: string; doctor_id: string; appointment_id?: string; session_date: string; session_time: string; duration_minutes?: number; type: "assessment" | "treatment" | "follow_up" | "consultation"; notes?: string; exercises?: any; insurance_claim_number?: string; }[]' is not assignable to parameter of type 'never'.
  Overload 2 of 2, '(values: never[], options?: { count?: "exact" | "planned" | "estimated"; defaultToNull?: boolean; } | undefined): PostgrestFilterBuilder<{ PostgrestVersion: "12"; }, never, never, null, "sessions", never, "POST">', gave the following error.
    Type '{ patient_id: string; doctor_id: string; appointment_id?: string; session_date: string; session_time: string; duration_minutes?: number; type: "assessment" | "treatment" | "follow_up" | "consultation"; notes?: string; exercises?: any; insurance_claim_number?: string; }' is not assignable to type 'never'.
src/lib/supabase-real.ts(373,15): error TS2345: Argument of type 'any' is not assignable to parameter of type 'never'.
src/lib/supabase-real.ts(401,8): error TS2769: No overload matches this call.
  Overload 1 of 2, '(values: never, options?: { count?: "exact" | "planned" | "estimated"; } | undefined): PostgrestFilterBuilder<{ PostgrestVersion: "12"; }, never, never, null, "conversations", never, "POST">', gave the following error.
    Argument of type '{ patient_id: string; session_id?: string; message_type: "text" | "template" | "image" | "document" | "audio" | "video"; content: string; response?: string; sentiment?: string; crisis_level?: "normal" | ... 1 more ... | "crisis"; metadata?: any; }[]' is not assignable to parameter of type 'never'.
  Overload 2 of 2, '(values: never[], options?: { count?: "exact" | "planned" | "estimated"; defaultToNull?: boolean; } | undefined): PostgrestFilterBuilder<{ PostgrestVersion: "12"; }, never, never, null, "conversations", never, "POST">', gave the following error.
    Type '{ patient_id: string; session_id?: string; message_type: "text" | "template" | "image" | "document" | "audio" | "video"; content: string; response?: string; sentiment?: string; crisis_level?: "normal" | ... 1 more ... | "crisis"; metadata?: any; }' is not assignable to type 'never'.
src/lib/supabase-real.ts(438,8): error TS2769: No overload matches this call.
  Overload 1 of 2, '(values: never, options?: { count?: "exact" | "planned" | "estimated"; } | undefined): PostgrestFilterBuilder<{ PostgrestVersion: "12"; }, never, never, null, "insurance_claims", never, "POST">', gave the following error.
    Argument of type '{ patient_id: string; appointment_id?: string; session_id?: string; insurance_provider: string; claim_number: string; service_code?: string; diagnosis_code?: string; amount: number; status?: string; }[]' is not assignable to parameter of type 'never'.
  Overload 2 of 2, '(values: never[], options?: { count?: "exact" | "planned" | "estimated"; defaultToNull?: boolean; } | undefined): PostgrestFilterBuilder<{ PostgrestVersion: "12"; }, never, never, null, "insurance_claims", never, "POST">', gave the following error.
    Type '{ patient_id: string; appointment_id?: string; session_id?: string; insurance_provider: string; claim_number: string; service_code?: string; diagnosis_code?: string; amount: number; status?: string; }' is not assignable to type 'never'.
src/lib/supabase-real.ts(462,15): error TS2345: Argument of type 'any' is not assignable to parameter of type 'never'.
src/lib/supabase-real.ts(483,8): error TS2769: No overload matches this call.
  Overload 1 of 2, '(values: never, options?: { count?: "exact" | "planned" | "estimated"; } | undefined): PostgrestFilterBuilder<{ PostgrestVersion: "12"; }, never, never, null, "notifications", never, "POST">', gave the following error.
    Argument of type '{ user_id: string; type: string; priority?: "low" | "medium" | "high" | "critical"; title: string; message: string; data?: any; }[]' is not assignable to parameter of type 'never'.
  Overload 2 of 2, '(values: never[], options?: { count?: "exact" | "planned" | "estimated"; defaultToNull?: boolean; } | undefined): PostgrestFilterBuilder<{ PostgrestVersion: "12"; }, never, never, null, "notifications", never, "POST">', gave the following error.
    Type '{ user_id: string; type: string; priority?: "low" | "medium" | "high" | "critical"; title: string; message: string; data?: any; }' is not assignable to type 'never'.
src/lib/supabase-real.ts(510,15): error TS2345: Argument of type '{ is_read: boolean; }' is not assignable to parameter of type 'never'.
src/lib/supabase-real.ts(530,41): error TS2339: Property 'created_at' does not exist on type 'never'.
src/lib/supabase-real.ts(532,36): error TS2339: Property 'created_at' does not exist on type 'never'.
src/lib/supabase-real.ts(550,44): error TS2339: Property 'status' does not exist on type 'never'.
src/lib/supabase-real.ts(551,44): error TS2339: Property 'status' does not exist on type 'never'.
src/lib/supabase-real.ts(553,42): error TS2339: Property 'appointment_date' does not exist on type 'never'.
src/lib/supabase-real.ts(554,49): error TS2339: Property 'status' does not exist on type 'never'.
src/lib/supabase-real.ts(569,41): error TS2339: Property 'crisis_level' does not exist on type 'never'.
src/lib/supabase-real.ts(571,36): error TS2339: Property 'created_at' does not exist on type 'never'.
src/lib/supabase-real.ts(583,15): error TS6133: 'data' is declared but its value is never read.
src/lib/supabase-real.ts(599,16): error TS18046: 'error' is of type 'unknown'.
src/lib/supabase-real.ts(618,8): error TS2769: No overload matches this call.
  Overload 1 of 2, '(values: never, options?: { count?: "exact" | "planned" | "estimated"; } | undefined): PostgrestFilterBuilder<{ PostgrestVersion: "12"; }, never, never, null, "audit_logs", never, "POST">', gave the following error.
    Argument of type '{ user_id?: string; action: string; table_name?: string; record_id?: string; old_values?: any; new_values?: any; ip_address?: string; user_agent?: string; }[]' is not assignable to parameter of type 'never'.
  Overload 2 of 2, '(values: never[], options?: { count?: "exact" | "planned" | "estimated"; defaultToNull?: boolean; } | undefined): PostgrestFilterBuilder<{ PostgrestVersion: "12"; }, never, never, null, "audit_logs", never, "POST">', gave the following error.
    Type '{ user_id?: string; action: string; table_name?: string; record_id?: string; old_values?: any; new_values?: any; ip_address?: string; user_agent?: string; }' is not assignable to type 'never'.
src/lib/supabase.ts(383,15): error TS6133: 'data' is declared but its value is never read.
src/lib/supabase.ts(399,16): error TS18046: 'error' is of type 'unknown'.
src/lib/supabaseClient.ts(2,19): error TS6133: 'headers' is declared but its value is never read.
src/lib/translations-manager.ts(36,6): error TS2339: Property 'from' does not exist on type 'Promise<SupabaseClient<any, "public", "public", any, any>>'.
src/lib/translations-manager.ts(71,6): error TS2339: Property 'from' does not exist on type 'Promise<SupabaseClient<any, "public", "public", any, any>>'.
src/lib/translations-manager.ts(92,6): error TS2339: Property 'from' does not exist on type 'Promise<SupabaseClient<any, "public", "public", any, any>>'.
src/lib/translations-manager.ts(102,18): error TS7006: Parameter 'item' implicitly has an 'any' type.
src/lib/translations-manager.ts(119,6): error TS2339: Property 'from' does not exist on type 'Promise<SupabaseClient<any, "public", "public", any, any>>'.
src/lib/translations-manager.ts(138,36): error TS2339: Property 'from' does not exist on type 'Promise<SupabaseClient<any, "public", "public", any, any>>'.
src/lib/translations-manager.ts(162,6): error TS2339: Property 'from' does not exist on type 'Promise<SupabaseClient<any, "public", "public", any, any>>'.
src/lib/translations-manager.ts(179,6): error TS2339: Property 'from' does not exist on type 'Promise<SupabaseClient<any, "public", "public", any, any>>'.
src/lib/translations-manager.ts(202,6): error TS2339: Property 'from' does not exist on type 'Promise<SupabaseClient<any, "public", "public", any, any>>'.
src/lib/websocket-server.ts(201,40): error TS2339: Property 'id' does not exist on type 'never'.
src/lib/websocket-server.ts(219,15): error TS2322: Type 'string | undefined' is not assignable to type 'string'.
  Type 'undefined' is not assignable to type 'string'.
src/lib/websocket-server.ts(220,15): error TS2322: Type 'string | undefined' is not assignable to type 'string'.
  Type 'undefined' is not assignable to type 'string'.
src/lib/websocket-server.ts(225,34): error TS2339: Property 'id' does not exist on type 'never'.
src/lib/websocket-server.ts(338,5): error TS6133: 'token' is declared but its value is never read.
src/lib/websocket-server.ts(344,24): error TS2339: Property 'is_active' does not exist on type 'never'.
src/lib/websocket-server.ts(346,20): error TS2339: Property 'id' does not exist on type 'never'.
src/lib/websocket-server.ts(347,22): error TS2339: Property 'role' does not exist on type 'never'.
src/lib/websocket-server.ts(348,22): error TS2339: Property 'name' does not exist on type 'never'.
src/lib/websocket-server.ts(349,23): error TS2339: Property 'email' does not exist on type 'never'.
src/lib/websocket-server.ts(373,40): error TS2339: Property 'id' does not exist on type 'never'.
src/lib/websocket-server.ts(393,13): error TS6133: 'stats' is declared but its value is never read.
src/lib/websocket-server.ts(401,26): error TS2341: Property 'recordMetrics' is private and only accessible within class 'PerformanceMonitor'.
src/lib/whatsapp-business-api.ts(160,16): error TS18046: 'error' is of type 'unknown'.
src/lib/whatsapp-business-api.ts(227,16): error TS18046: 'error' is of type 'unknown'.
src/lib/whatsapp-business-api.ts(276,16): error TS18046: 'error' is of type 'unknown'.
src/lib/whatsapp-business-api.ts(327,16): error TS18046: 'error' is of type 'unknown'.
src/lib/whatsapp-business-api.ts(420,16): error TS18046: 'error' is of type 'unknown'.
src/lib/whatsapp-business-api.ts(479,46): error TS6133: 'challenge' is declared but its value is never read.
src/lib/whatsapp-business-api.ts(515,16): error TS18046: 'error' is of type 'unknown'.
src/lib/whatsapp-business-api.ts(553,16): error TS18046: 'error' is of type 'unknown'.
src/lib/whatsapp-integration.ts(303,37): error TS6133: 'from' is declared but its value is never read.
src/lib/whatsapp-integration.ts(308,37): error TS6133: 'from' is declared but its value is never read.
src/middleware.backup.ts(5,28): error TS6133: 'request' is declared but its value is never read.
src/middleware.disabled.ts(4,28): error TS6133: 'request' is declared but its value is never read.
src/scripts/seed-translations.ts(1090,5): error TS1117: An object literal cannot have multiple properties with the same name.
src/utils/api-client.ts(74,38): error TS2379: Argument of type '{ method: string; body: string | undefined; }' is not assignable to parameter of type 'RequestInit' with 'exactOptionalPropertyTypes: true'. Consider adding 'undefined' to the types of the target's properties.
  Types of property 'body' are incompatible.
    Type 'string | undefined' is not assignable to type 'BodyInit | null'.
      Type 'undefined' is not assignable to type 'BodyInit | null'.
src/utils/api-client.ts(81,38): error TS2379: Argument of type '{ method: string; body: string | undefined; }' is not assignable to parameter of type 'RequestInit' with 'exactOptionalPropertyTypes: true'. Consider adding 'undefined' to the types of the target's properties.
  Types of property 'body' are incompatible.
    Type 'string | undefined' is not assignable to type 'BodyInit | null'.
      Type 'undefined' is not assignable to type 'BodyInit | null'.
temp_complex/(admin)/analytics/page.tsx(8,3): error TS6133: 'AlertTriangle' is declared but its value is never read.
temp_complex/(admin)/analytics/page.tsx(12,3): error TS6133: 'XCircle' is declared but its value is never read.
temp_complex/(admin)/dashboard/page.tsx(15,9): error TS6133: 't' is declared but its value is never read.
temp_complex/(admin)/private-center-dashboard/page.tsx(10,3): error TS6133: 'FileText' is declared but its value is never read.
temp_complex/(admin)/private-center-dashboard/page.tsx(15,3): error TS6133: 'LineChart' is declared but its value is never read.
temp_complex/(admin)/private-center-dashboard/page.tsx(16,3): error TS6133: 'Calendar' is declared but its value is never read.
temp_complex/(marketing)/project-documentation/page.tsx(4,1): error TS6133: 'Image' is declared but its value is never read.
temp_complex/(marketing)/project-documentation/page.tsx(14,3): error TS6133: 'ArrowRight' is declared but its value is never read.
temp_complex/api/ai/chat/route.ts(80,11): error TS6133: 'flow' is declared but its value is never read.
temp_complex/api/analytics/dashboard/route.ts(76,29): error TS2341: Property 'pool' is private and only accessible within class 'DatabaseManager'.
temp_complex/api/analytics/dashboard/route.ts(115,33): error TS2341: Property 'pool' is private and only accessible within class 'DatabaseManager'.
temp_complex/api/analytics/dashboard/route.ts(134,31): error TS2341: Property 'pool' is private and only accessible within class 'DatabaseManager'.
temp_complex/api/analytics/dashboard/route.ts(148,35): error TS2341: Property 'pool' is private and only accessible within class 'DatabaseManager'.
temp_complex/api/analytics/dashboard/route.ts(178,37): error TS2341: Property 'pool' is private and only accessible within class 'DatabaseManager'.
temp_complex/api/analytics/dashboard/route.ts(192,32): error TS2341: Property 'pool' is private and only accessible within class 'DatabaseManager'.
temp_complex/api/analytics/dashboard/route.ts(208,35): error TS2341: Property 'pool' is private and only accessible within class 'DatabaseManager'.
temp_complex/api/analytics/dashboard/route.ts(236,38): error TS2341: Property 'pool' is private and only accessible within class 'DatabaseManager'.
temp_complex/api/analytics/dashboard/route.ts(252,35): error TS2341: Property 'pool' is private and only accessible within class 'DatabaseManager'.
temp_complex/api/analytics/dashboard/route.ts(266,31): error TS2341: Property 'pool' is private and only accessible within class 'DatabaseManager'.
temp_complex/api/analytics/dashboard/route.ts(292,32): error TS2341: Property 'pool' is private and only accessible within class 'DatabaseManager'.
temp_complex/api/analytics/dashboard/route.ts(306,34): error TS2341: Property 'pool' is private and only accessible within class 'DatabaseManager'.
temp_complex/api/analytics/dashboard/route.ts(321,35): error TS2341: Property 'pool' is private and only accessible within class 'DatabaseManager'.
temp_complex/api/appointments/route.ts(14,55): error TS2379: Argument of type '{ patientId: string | undefined; doctorId: string | undefined; date: string | undefined; status: string | undefined; }' is not assignable to parameter of type '{ patientId?: string; doctorId?: string; date?: string; status?: string; limit?: number; offset?: number; }' with 'exactOptionalPropertyTypes: true'. Consider adding 'undefined' to the types of the target's properties.
  Types of property 'patientId' are incompatible.
    Type 'string | undefined' is not assignable to type 'string'.
      Type 'undefined' is not assignable to type 'string'.
temp_complex/api/appointments/route.ts(82,28): error TS2339: Property 'users' does not exist on type 'never'.
temp_complex/api/appointments/route.ts(86,19): error TS2339: Property 'users' does not exist on type 'never'.
temp_complex/api/appointments/route.ts(90,21): error TS2339: Property 'users' does not exist on type 'never'.
temp_complex/api/appointments/route.ts(104,36): error TS2339: Property 'id' does not exist on type 'never'.
temp_complex/api/appointments/route.ts(106,38): error TS2339: Property 'users' does not exist on type 'never'.
temp_complex/api/auth/refresh/route.ts(42,26): error TS2339: Property 'email' does not exist on type '{ userId: string; type: string; }'.
temp_complex/api/auth/refresh/route.ts(43,25): error TS2339: Property 'role' does not exist on type '{ userId: string; type: string; }'.
temp_complex/api/health/route.ts(54,25): error TS18046: 'error' is of type 'unknown'.
temp_complex/api/health/route.ts(79,25): error TS18046: 'error' is of type 'unknown'.
temp_complex/api/health/route.ts(112,25): error TS18046: 'error' is of type 'unknown'.
temp_complex/api/health/route.ts(148,25): error TS18046: 'error' is of type 'unknown'.
temp_complex/api/health/route.ts(158,11): error TS6133: 'path' is declared but its value is never read.
temp_complex/api/health/route.ts(188,25): error TS18046: 'error' is of type 'unknown'.
temp_complex/api/health/route.ts(194,27): error TS6133: 'request' is declared but its value is never read.
temp_complex/api/health/route.ts(195,9): error TS6133: 'startTime' is declared but its value is never read.
temp_complex/api/health/route.ts(255,27): error TS18046: 'error' is of type 'unknown'.
temp_complex/api/patients/route.ts(18,61): error TS2339: Property 'id' does not exist on type 'never'.
temp_complex/api/patients/route.ts(20,30): error TS2339: Property 'id' does not exist on type 'never'.
temp_complex/api/patients/route.ts(25,23): error TS2339: Property 'id' does not exist on type 'never'.
temp_complex/api/patients/route.ts(26,25): error TS2339: Property 'name' does not exist on type 'never'.
temp_complex/api/patients/route.ts(27,24): error TS2339: Property 'age' does not exist on type 'never'.
temp_complex/api/patients/route.ts(29,28): error TS2339: Property 'phone' does not exist on type 'never'.
temp_complex/api/patients/route.ts(30,28): error TS2339: Property 'email' does not exist on type 'never'.
temp_complex/api/patients/route.ts(34,26): error TS2532: Object is possibly 'undefined'.
temp_complex/api/patients/route.ts(38,26): error TS2532: Object is possibly 'undefined'.
temp_complex/api/patients/route.ts(40,32): error TS2339: Property 'status' does not exist on type 'never'.
temp_complex/api/patients/route.ts(138,16): error TS2339: Property 'id' does not exist on type 'never'.
temp_complex/api/patients/route.ts(148,11): error TS6133: 'patient' is declared but its value is never read.
temp_complex/api/patients/route.ts(164,18): error TS2339: Property 'id' does not exist on type 'never'.
temp_complex/api/private-center/compliance/route.ts(4,27): error TS6133: 'request' is declared but its value is never read.
temp_complex/api/whatsapp/webhook/route.ts(7,7): error TS6133: 'assistant' is declared but its value is never read.
temp_complex/api/whatsapp/webhook/route.ts(8,7): error TS6133: 'flowManager' is declared but its value is never read.
