[2025-10-10T15:42:01.181Z] [INFO] Sandbox Testing: Starting Sandbox Testing...
[2025-10-10T15:42:01.184Z] [INFO] Sandbox Testing: Initializing Sandbox Testing...
[2025-10-10T15:42:01.185Z] [INFO] Sandbox Testing: Sandbox Testing initialized
[2025-10-10T15:42:01.186Z] [INFO] Sandbox Testing: Creating sandbox environment...
[2025-10-10T15:42:01.186Z] [INFO] Sandbox Testing: Copied package.json to sandbox
[2025-10-10T15:42:01.186Z] [INFO] Sandbox Testing: Copied next.config.js to sandbox
[2025-10-10T15:42:01.187Z] [INFO] Sandbox Testing: Copied tailwind.config.js to sandbox
[2025-10-10T15:42:01.187Z] [INFO] Sandbox Testing: Copied tsconfig.json to sandbox
[2025-10-10T15:42:01.187Z] [INFO] Sandbox Testing: Sandbox environment created
[2025-10-10T15:42:01.188Z] [INFO] Sandbox Testing: Generating test report...
[2025-10-10T15:42:01.188Z] [INFO] Sandbox Testing: Running sandbox test suite...
[2025-10-10T15:42:01.188Z] [INFO] Sandbox Testing: Running test: System Health Check
[2025-10-10T15:42:01.189Z] [INFO] Sandbox Testing: Test System Health Check passed in 1ms
[2025-10-10T15:42:01.189Z] [INFO] Sandbox Testing: Running test: Script Execution: scripts/test-script.js
[2025-10-10T15:42:01.229Z] [ERROR] Sandbox Testing: Test Script Execution: scripts/test-script.js failed: node:internal/modules/cjs/loader:1386
  throw err;
  ^

Error: Cannot find module '/workspace/sandbox/scripts/test-script.js'
    at Function._resolveFilename (node:internal/modules/cjs/loader:1383:15)
    at defaultResolveImpl (node:internal/modules/cjs/loader:1025:19)
    at resolveForCJSWithHooks (node:internal/modules/cjs/loader:1030:22)
    at Function._load (node:internal/modules/cjs/loader:1192:37)
    at TracingChannel.traceSync (node:diagnostics_channel:322:14)
    at wrapModuleLoad (node:internal/modules/cjs/loader:237:24)
    at Function.executeUserEntryPoint [as runMain] (node:internal/modules/run_main:171:5)
    at node:internal/main/run_main_module:36:49 {
  code: 'MODULE_NOT_FOUND',
  requireStack: []
}

Node.js v22.20.0

[2025-10-10T15:42:01.229Z] [INFO] Sandbox Testing: Running test: Configuration Changes: /workspace/sandbox/config/sandbox-config.json
[2025-10-10T15:42:01.230Z] [INFO] Sandbox Testing: Running test: System Health Check
[2025-10-10T15:42:01.230Z] [INFO] Sandbox Testing: Test System Health Check passed in 0ms
[2025-10-10T15:42:01.230Z] [INFO] Sandbox Testing: Test Configuration Changes: /workspace/sandbox/config/sandbox-config.json passed in 1ms
[2025-10-10T15:42:01.231Z] [INFO] Sandbox Testing: Running test: Performance Optimization: memory_cleanup
[2025-10-10T15:42:01.231Z] [INFO] Sandbox Testing: Test Performance Optimization: memory_cleanup passed in 0ms
[2025-10-10T15:42:01.231Z] [INFO] Sandbox Testing: Test report generated: 3/4 tests passed
[2025-10-10T15:47:01.329Z] [INFO] Sandbox Testing: Generating test report...
[2025-10-10T15:47:01.330Z] [INFO] Sandbox Testing: Running sandbox test suite...
[2025-10-10T15:47:01.331Z] [INFO] Sandbox Testing: Running test: System Health Check
[2025-10-10T15:47:01.331Z] [INFO] Sandbox Testing: Test System Health Check passed in 0ms
[2025-10-10T15:47:01.331Z] [INFO] Sandbox Testing: Running test: Script Execution: scripts/test-script.js
[2025-10-10T15:47:01.367Z] [ERROR] Sandbox Testing: Test Script Execution: scripts/test-script.js failed: node:internal/modules/cjs/loader:1386
  throw err;
  ^

Error: Cannot find module '/workspace/sandbox/scripts/test-script.js'
    at Function._resolveFilename (node:internal/modules/cjs/loader:1383:15)
    at defaultResolveImpl (node:internal/modules/cjs/loader:1025:19)
    at resolveForCJSWithHooks (node:internal/modules/cjs/loader:1030:22)
    at Function._load (node:internal/modules/cjs/loader:1192:37)
    at TracingChannel.traceSync (node:diagnostics_channel:322:14)
    at wrapModuleLoad (node:internal/modules/cjs/loader:237:24)
    at Function.executeUserEntryPoint [as runMain] (node:internal/modules/run_main:171:5)
    at node:internal/main/run_main_module:36:49 {
  code: 'MODULE_NOT_FOUND',
  requireStack: []
}

Node.js v22.20.0

[2025-10-10T15:47:01.367Z] [INFO] Sandbox Testing: Running test: Configuration Changes: /workspace/sandbox/config/sandbox-config.json
[2025-10-10T15:47:01.368Z] [INFO] Sandbox Testing: Running test: System Health Check
[2025-10-10T15:47:01.368Z] [INFO] Sandbox Testing: Test System Health Check passed in 0ms
[2025-10-10T15:47:01.368Z] [INFO] Sandbox Testing: Test Configuration Changes: /workspace/sandbox/config/sandbox-config.json passed in 1ms
[2025-10-10T15:47:01.368Z] [INFO] Sandbox Testing: Running test: Performance Optimization: memory_cleanup
[2025-10-10T15:47:01.369Z] [INFO] Sandbox Testing: Test Performance Optimization: memory_cleanup passed in 1ms
[2025-10-10T15:47:01.369Z] [INFO] Sandbox Testing: Test report generated: 3/4 tests passed
